make[1]: Entering directory '/workspaces/KaiKernel_sdm_845/KaiKernel_sdm_845/out'
  GEN     ./Makefile
  HOSTCC  scripts/basic/fixdep
  HOSTCC  scripts/basic/bin2c
  HOSTCC  scripts/kconfig/conf.o
  HOSTCC  scripts/kconfig/zconf.tab.o
  HOSTLD  scripts/kconfig/conf
scripts/kconfig/conf  --silentoldconfig Kconfig
  CHK     include/config/kernel.release
  GEN     ./Makefile
  CHK     include/generated/uapi/linux/version.h
  CHK     include/generated/utsrelease.h
  Using .. as source for kernel
  CHK     scripts/mod/devicetable-offsets.h
-- KernelSU version: 11872
-- KernelSU Manager signature size: 0x033b
-- KernelSU Manager signature hash: c371061b19d8c7d7d6133c6a9bafe198fa944e50c1b31c9d8daa8d7f1fc2d2d6
-- Did you know you can backport path_umount to fs/namespace.c from 5.9?
-- Read: https://kernelsu.org/guide/how-to-integrate-for-non-gki.html#how-to-backport-path-umount
  CHK     include/generated/timeconst.h
  CHK     include/generated/bounds.h
  CHK     include/generated/asm-offsets.h
  CALL    ../scripts/checksyscalls.sh
  CHK     include/generated/compile.h
  CC      kernel/sched/core.o
  LD      kernel/sched/built-in.o
  CHK     kernel/config_data.h
  LD      kernel/built-in.o
  CC      drivers/clk/qcom/gpucc-sdm845.o
  LD      drivers/clk/qcom/built-in.o
  LD      drivers/clk/built-in.o
  DTC     arch/arm64/boot/dts/qcom/sdm845-sim.dtb
  DTC     arch/arm64/boot/dts/qcom/sdm845-rumi.dtb
  DTC     arch/arm64/boot/dts/qcom/sdm845-mtp.dtb
-- KernelSU version: 11872
-- KernelSU Manager signature size: 0x033b
-- KernelSU Manager signature hash: c371061b19d8c7d7d6133c6a9bafe198fa944e50c1b31c9d8daa8d7f1fc2d2d6
-- Did you know you can backport path_umount to fs/namespace.c from 5.9?
-- Read: https://kernelsu.org/guide/how-to-integrate-for-non-gki.html#how-to-backport-path-umount
  DTC     arch/arm64/boot/dts/qcom/sdm845-cdp.dtb
  DTC     arch/arm64/boot/dts/qcom/sdm845-v2-rumi.dtb
  DTC     arch/arm64/boot/dts/qcom/sdm845-v2-mtp.dtb
  DTC     arch/arm64/boot/dts/qcom/sdm845-v2-cdp.dtb
  DTC     arch/arm64/boot/dts/qcom/sdm845-qrd.dtb
  DTC     arch/arm64/boot/dts/qcom/sdm845-v2-qrd.dtb
  DTC     arch/arm64/boot/dts/qcom/sdm845-4k-panel-mtp.dtb
  DTC     arch/arm64/boot/dts/qcom/sdm845-4k-panel-cdp.dtb
  DTC     arch/arm64/boot/dts/qcom/sdm845-4k-panel-qrd.dtb
  DTC     arch/arm64/boot/dts/qcom/beryllium-p0-v2.dtb
  DTC     arch/arm64/boot/dts/qcom/beryllium-p0-v2.1.dtb
  DTC     arch/arm64/boot/dts/qcom/beryllium-p1-v2.1.dtb
  DTC     arch/arm64/boot/dts/qcom/beryllium-p2-v2.1.dtb
  DTC     arch/arm64/boot/dts/qcom/beryllium-mp-v2.1.dtb
  LD      drivers/built-in.o
WARNING: drivers/built-in.o(___ksymtab+qpnp_regulator_init+0x0): Section mismatch in reference from the variable __ksymtab_qpnp_regulator_init to the function .init.text:qpnp_regulator_init()
The symbol qpnp_regulator_init is exported and annotated __init 
Fix this by removing the __init annotation of qpnp_regulator_init or drop the export.

WARNING: drivers/built-in.o(___ksymtab+regulator_stub_init+0x0): Section mismatch in reference from the variable __ksymtab_regulator_stub_init to the function .init.text:regulator_stub_init()
The symbol regulator_stub_init is exported and annotated __init 
Fix this by removing the __init annotation of regulator_stub_init or drop the export.

  GEN     .version
  LD      vmlinux.o
  MODPOST vmlinux.o
WARNING: vmlinux.o(___ksymtab+qpnp_regulator_init+0x0): Section mismatch in reference from the variable __ksymtab_qpnp_regulator_init to the function .init.text:qpnp_regulator_init()
The symbol qpnp_regulator_init is exported and annotated __init 
Fix this by removing the __init annotation of qpnp_regulator_init or drop the export.

WARNING: vmlinux.o(___ksymtab+regulator_stub_init+0x0): Section mismatch in reference from the variable __ksymtab_regulator_stub_init to the function .init.text:regulator_stub_init()
The symbol regulator_stub_init is exported and annotated __init 
Fix this by removing the __init annotation of regulator_stub_init or drop the export.

  CHK     include/generated/compile.h
  UPD     include/generated/compile.h
  CC      init/version.o
  LD      init/built-in.o
  KSYM    .tmp_kallsyms1.o
  KSYM    .tmp_kallsyms2.o
  LD      vmlinux
  SORTEX  vmlinux
  SYSMAP  System.map
  Building modules, stage 2.
  OBJCOPY arch/arm64/boot/Image
  DTC     arch/arm64/boot/dts/qcom/sdm845-qrd.dtb
  DTC     arch/arm64/boot/dts/qcom/sdm845-cdp.dtb
  MODPOST 2 modules
  DTC     arch/arm64/boot/dts/qcom/beryllium-p2-v2.1.dtb
  DTC     arch/arm64/boot/dts/qcom/sdm845-rumi.dtb
  DTC     arch/arm64/boot/dts/qcom/sdm845-4k-panel-qrd.dtb
  DTC     arch/arm64/boot/dts/qcom/sdm845-mtp.dtb
  DTC     arch/arm64/boot/dts/qcom/beryllium-p0-v2.dtb
  DTC     arch/arm64/boot/dts/qcom/sdm845-v2-mtp.dtb
  DTC     arch/arm64/boot/dts/qcom/sdm845-v2-qrd.dtb
  DTC     arch/arm64/boot/dts/qcom/beryllium-p0-v2.1.dtb
  DTC     arch/arm64/boot/dts/qcom/beryllium-p1-v2.1.dtb
  DTC     arch/arm64/boot/dts/qcom/sdm845-v2-rumi.dtb
  DTC     arch/arm64/boot/dts/qcom/sdm845-4k-panel-cdp.dtb
  DTC     arch/arm64/boot/dts/qcom/sdm845-v2-cdp.dtb
  DTC     arch/arm64/boot/dts/qcom/sdm845-4k-panel-mtp.dtb
  DTC     arch/arm64/boot/dts/qcom/sdm845-sim.dtb
  DTC     arch/arm64/boot/dts/qcom/beryllium-mp-v2.1.dtb
  GZIP    arch/arm64/boot/Image.gz
  CAT     arch/arm64/boot/Image.gz-dtb
make[1]: Leaving directory '/workspaces/KaiKernel_sdm_845/KaiKernel_sdm_845/out'
